#
# A fatal error has been detected by the Java Runtime Environment:
#
#  EXCEPTION_ACCESS_VIOLATION (0xc0000005) at pc=0x00000000779b386a, pid=5172, tid=5836
#
# JRE version: 6.0_38-b05
# Java VM: Java HotSpot(TM) 64-Bit Server VM (20.13-b02 mixed mode windows-amd64 compressed oops)
# Problematic frame:
# C  [ntdll.dll+0x5386a]
#
# If you would like to submit a bug report, please visit:
#   http://java.sun.com/webapps/bugreport/crash.jsp
#

---------------  T H R E A D  ---------------

Current thread (0x0000000006497000):  JavaThread "C2 CompilerThread1" daemon [_thread_in_native, id=5836, stack(0x0000000007480000,0x0000000007580000)]

siginfo: ExceptionCode=0xc0000005, reading address 0xffffffffffffffff

Registers:
RAX=0x0000000000001389, RBX=0x00000000003f0000, RCX=0x00000000fffffc96, RDX=0x000000000d2907f0
RSP=0x000000000757bb50, RBP=0x0000000000000000, RSI=0x3f530000fe000000, RDI=0x000000000d2907e0
R8 =0x00000000003f12f0, R9 =0x0000000000100000, R10=0x000000000d2907f0, R11=0x41000000438f8000
R12=0x0000000077a75430, R13=0x000000000000101f, R14=0x0000000000000002, R15=0x0000000077a75401
RIP=0x00000000779b386a, EFLAGS=0x0000000000010216

Top of Stack: (sp=0x000000000757bb50)
0x000000000757bb50:   000000000000f000 000000000d047000
0x000000000757bb60:   000000000900050c 00000000003f0000
0x000000000757bb70:   0000000002000002 00000000000003ff
0x000000000757bb80:   0000000102000001 0000000077a75401
0x000000000757bb90:   0000000000000000 0000000000000016
0x000000000757bba0:   000000000d2907e0 0000000000000000
0x000000000757bbb0:   000000000003f000 000000000bd9e64b
0x000000000757bbc0:   00000000ad000269 00020000e64b0000
0x000000000757bbd0:   000000006f00046b 00000002138903ff
0x000000000757bbe0:   02d1000109000500 0000000000002ffe
0x000000000757bbf0:   00000000077e3a40 0000000000000008
0x000000000757bc00:   000000000bd90070 000000000d0467e0
0x000000000757bc10:   000000004f00044b 000000000d2907f0
0x000000000757bc20:   000000004f00044b 00000000e64b12f0
0x000000000757bc30:   0000000000000251 0000000000000173
0x000000000757bc40:   4000000109000500 000000000000025a 

Instructions: (pc=0x00000000779b386a)
0x00000000779b384a:   47 0b 0f 85 e6 c2 00 00 0f b7 47 08 49 3b c5 0f
0x00000000779b385a:   82 40 c3 00 00 4c 8d 57 10 4d 8b 1a 48 8b 77 18
0x00000000779b386a:   48 8b 0e 4d 8b 4b 08 49 3b c9 0f 85 02 c3 00 00
0x00000000779b387a:   49 3b ca 0f 85 f9 c2 00 00 48 29 83 c8 00 00 00 


Register to memory mapping:

RAX=0x0000000000001389 is an unknown value
RBX=0x00000000003f0000 is an unknown value
RCX=0x00000000fffffc96 is an unallocated location in the heap
RDX=0x000000000d2907f0 is an unknown value
RSP=0x000000000757bb50 is pointing into the stack for thread: 0x0000000006497000
RBP=0x0000000000000000 is an unknown value
RSI=0x3f530000fe000000 is an unknown value
RDI=0x000000000d2907e0 is an unknown value
R8 =0x00000000003f12f0 is an unknown value
R9 =0x0000000000100000 is an unknown value
R10=0x000000000d2907f0 is an unknown value
R11=0x41000000438f8000 is an unknown value
R12=0x0000000077a75430 is an unknown value
R13=0x000000000000101f is an unknown value
R14=0x0000000000000002 is an unknown value
R15=0x0000000077a75401 is an unknown value


Stack: [0x0000000007480000,0x0000000007580000],  sp=0x000000000757bb50,  free space=1006k
Native frames: (J=compiled Java code, j=interpreted, Vv=VM code, C=native code)
C  [ntdll.dll+0x5386a]  RtlAllocateHeap+0x4ca

[error occurred during error reporting (printing native stack), id 0xc0000005]


Current CompileTask:
C2:   2295 103      com.badlogic.gdx.scenes.scene2d.Group.act(F)V (54 bytes)


---------------  P R O C E S S  ---------------

Java Threads: ( => current thread )
  0x00000000003fb800 JavaThread "DestroyJavaVM" [_thread_blocked, id=792, stack(0x0000000002380000,0x0000000002480000)]
  0x0000000006505800 JavaThread "LWJGL Application" [_thread_in_native, id=2676, stack(0x0000000008a80000,0x0000000008b80000)]
  0x00000000064a0000 JavaThread "Low Memory Detector" daemon [_thread_blocked, id=3092, stack(0x0000000007580000,0x0000000007680000)]
=>0x0000000006497000 JavaThread "C2 CompilerThread1" daemon [_thread_in_native, id=5836, stack(0x0000000007480000,0x0000000007580000)]
  0x0000000006493800 JavaThread "C2 CompilerThread0" daemon [_thread_in_native, id=2764, stack(0x0000000007380000,0x0000000007480000)]
  0x000000000648f000 JavaThread "Attach Listener" daemon [_thread_blocked, id=3776, stack(0x0000000007280000,0x0000000007380000)]
  0x000000000648e800 JavaThread "Signal Dispatcher" daemon [_thread_blocked, id=5420, stack(0x0000000007180000,0x0000000007280000)]
  0x000000000643d000 JavaThread "Finalizer" daemon [_thread_blocked, id=1692, stack(0x0000000007080000,0x0000000007180000)]
  0x0000000006437000 JavaThread "Reference Handler" daemon [_thread_blocked, id=3296, stack(0x0000000006f80000,0x0000000007080000)]

Other Threads:
  0x00000000003ef800 VMThread [stack: 0x0000000006e80000,0x0000000006f80000] [id=2688]
  0x00000000064b9800 WatcherThread [stack: 0x0000000007680000,0x0000000007780000] [id=5484]

VM state:not at safepoint (normal execution)

VM Mutex/Monitor currently owned by a thread: None

Heap
 PSYoungGen      total 28672K, used 12567K [0x00000000e00b0000, 0x00000000e20a0000, 0x0000000100000000)
  eden space 24640K, 41% used [0x00000000e00b0000,0x00000000e0a984d8,0x00000000e18c0000)
  from space 4032K, 60% used [0x00000000e18c0000,0x00000000e1b1daf0,0x00000000e1cb0000)
  to   space 4032K, 0% used [0x00000000e1cb0000,0x00000000e1cb0000,0x00000000e20a0000)
 PSOldGen        total 65472K, used 0K [0x00000000a0200000, 0x00000000a41f0000, 0x00000000e00b0000)
  object space 65472K, 0% used [0x00000000a0200000,0x00000000a0200000,0x00000000a41f0000)
 PSPermGen       total 21248K, used 12112K [0x000000009b000000, 0x000000009c4c0000, 0x00000000a0200000)
  object space 21248K, 57% used [0x000000009b000000,0x000000009bbd40c0,0x000000009c4c0000)

Code Cache  [0x0000000002480000, 0x00000000026f0000, 0x0000000005480000)
 total_blobs=505 nmethods=111 adapters=347 free_code_cache=49625216 largest_free_block=17408

Dynamic libraries:
0x0000000000400000 - 0x000000000042f000 	C:\Program Files\Java\jre6\bin\javaw.exe
0x0000000077960000 - 0x0000000077b09000 	C:\Windows\SYSTEM32\ntdll.dll
0x0000000077280000 - 0x000000007739f000 	C:\Windows\system32\kernel32.dll
0x000007fefdeb0000 - 0x000007fefdf1b000 	C:\Windows\system32\KERNELBASE.dll
0x000007feff830000 - 0x000007feff90b000 	C:\Windows\system32\ADVAPI32.dll
0x000007fefe4c0000 - 0x000007fefe55f000 	C:\Windows\system32\msvcrt.dll
0x000007fefe380000 - 0x000007fefe39f000 	C:\Windows\SYSTEM32\sechost.dll
0x000007feff6e0000 - 0x000007feff80d000 	C:\Windows\system32\RPCRT4.dll
0x0000000077500000 - 0x00000000775fa000 	C:\Windows\system32\USER32.dll
0x000007fefe1a0000 - 0x000007fefe207000 	C:\Windows\system32\GDI32.dll
0x000007fefe210000 - 0x000007fefe21e000 	C:\Windows\system32\LPK.dll
0x000007fefe560000 - 0x000007fefe629000 	C:\Windows\system32\USP10.dll
0x000007fefe220000 - 0x000007fefe24e000 	C:\Windows\system32\IMM32.DLL
0x000007feff3c0000 - 0x000007feff4c9000 	C:\Windows\system32\MSCTF.dll
0x000000006d810000 - 0x000000006dfcb000 	C:\Program Files\Java\jre6\bin\server\jvm.dll
0x000007fefb9e0000 - 0x000007fefba1b000 	C:\Windows\system32\WINMM.dll
0x000000006d780000 - 0x000000006d78e000 	C:\Program Files\Java\jre6\bin\verify.dll
0x000000006d3b0000 - 0x000000006d3d7000 	C:\Program Files\Java\jre6\bin\java.dll
0x000000006d7d0000 - 0x000000006d7e2000 	C:\Program Files\Java\jre6\bin\zip.dll
0x0000000065580000 - 0x000000006560f000 	C:\Users\Hanto\AppData\Local\Temp\libgdxHanto\3740929181\gdx64.dll
0x0000000180000000 - 0x0000000180050000 	C:\Users\Hanto\AppData\Local\Temp\libgdxHanto\27538956\lwjgl64.dll
0x000007feefb60000 - 0x000007feefc7d000 	C:\Windows\system32\OPENGL32.dll
0x000007fefbcf0000 - 0x000007fefbd1d000 	C:\Windows\system32\GLU32.dll
0x000007feefa60000 - 0x000007feefb51000 	C:\Windows\system32\DDRAW.dll
0x000007fefbc10000 - 0x000007fefbc18000 	C:\Windows\system32\DCIMAN32.dll
0x000007feff9b0000 - 0x000007feffb87000 	C:\Windows\system32\SETUPAPI.dll
0x000007fefdfc0000 - 0x000007fefdff6000 	C:\Windows\system32\CFGMGR32.dll
0x000007feffb90000 - 0x000007feffc67000 	C:\Windows\system32\OLEAUT32.dll
0x000007feff4d0000 - 0x000007feff6d3000 	C:\Windows\system32\ole32.dll
0x000007fefe170000 - 0x000007fefe18a000 	C:\Windows\system32\DEVOBJ.dll
0x000007fefc120000 - 0x000007fefc138000 	C:\Windows\system32\dwmapi.dll
0x000007fefcf00000 - 0x000007fefcf0c000 	C:\Windows\system32\VERSION.dll
0x000007fefc5b0000 - 0x000007fefc7a4000 	C:\Windows\WinSxS\amd64_microsoft.windows.common-controls_6595b64144ccf1df_6.0.7601.17514_none_fa396087175ac9ac\COMCTL32.dll
0x000007fefe3a0000 - 0x000007fefe411000 	C:\Windows\system32\SHLWAPI.dll
0x0000000006380000 - 0x00000000063e2000 	C:\Users\Hanto\AppData\Local\Temp\libgdxHanto\27538956\OpenAL64.dll
0x000007fefe630000 - 0x000007feff3b8000 	C:\Windows\system32\SHELL32.dll
0x000007fefdcf0000 - 0x000007fefdcff000 	C:\Windows\system32\CRYPTBASE.dll
0x000007fefc500000 - 0x000007fefc556000 	C:\Windows\system32\uxtheme.dll
0x000007feff910000 - 0x000007feff9a9000 	C:\Windows\system32\CLBCatQ.DLL
0x000007fefcad0000 - 0x000007fefcbfc000 	C:\Windows\System32\PROPSYS.dll
0x000007fefde70000 - 0x000007fefdea9000 	C:\Windows\system32\WINTRUST.dll
0x000007fefe000000 - 0x000007fefe16a000 	C:\Windows\system32\CRYPT32.dll
0x000007fefde60000 - 0x000007fefde6f000 	C:\Windows\system32\MSASN1.dll
0x000007feeb8b0000 - 0x000007feeb938000 	C:\Windows\system32\dsound.dll
0x000007fefcc50000 - 0x000007fefcc7c000 	C:\Windows\system32\POWRPROF.dll
0x000007fefcc00000 - 0x000007fefcc4b000 	C:\Windows\System32\MMDevApi.dll
0x000007fefb890000 - 0x000007fefb8df000 	C:\Windows\system32\AUDIOSES.DLL
0x000000006e270000 - 0x000000006fc5b000 	C:\Windows\system32\nvoglv64.DLL
0x000007fefcd30000 - 0x000007fefcd5d000 	C:\Windows\system32\ntmarta.dll
0x000007fefe320000 - 0x000007fefe372000 	C:\Windows\system32\WLDAP32.dll
0x000007fefab90000 - 0x000007fefac2c000 	C:\Windows\system32\mscms.dll
0x000007fefd280000 - 0x000007fefd29e000 	C:\Windows\system32\USERENV.dll
0x000007fefddc0000 - 0x000007fefddcf000 	C:\Windows\system32\profapi.dll
0x000007feeb980000 - 0x000007feeb9c2000 	C:\Windows\system32\icm32.dll
0x000000006a740000 - 0x000000006a7e3000 	C:\Users\Hanto\AppData\Local\Temp\libgdxHanto\843007041\gdx-freetype64.dll
0x000007fefd690000 - 0x000007fefd6a7000 	C:\Windows\system32\CRYPTSP.dll
0x000007fefd1f0000 - 0x000007fefd237000 	C:\Windows\system32\rsaenh.dll
0x000000006d610000 - 0x000000006d627000 	C:\Program Files\Java\jre6\bin\net.dll
0x000007fefe2d0000 - 0x000007fefe31d000 	C:\Windows\system32\WS2_32.dll
0x000007fefe190000 - 0x000007fefe198000 	C:\Windows\system32\NSI.dll
0x000007fefd630000 - 0x000007fefd685000 	C:\Windows\system32\mswsock.dll
0x000007fefd620000 - 0x000007fefd627000 	C:\Windows\System32\wship6.dll
0x000007fefb9c0000 - 0x000007fefb9d5000 	C:\Windows\system32\NLAapi.dll
0x000007fef5c50000 - 0x000007fef5c65000 	C:\Windows\system32\napinsp.dll
0x000007fef2930000 - 0x000007fef2949000 	C:\Windows\system32\pnrpnsp.dll
0x00000000721b0000 - 0x00000000721d6000 	C:\Program Files\Bonjour\mdnsNSP.dll
0x000007fefb4e0000 - 0x000007fefb507000 	C:\Windows\system32\Iphlpapi.DLL
0x000007fefb4c0000 - 0x000007fefb4cb000 	C:\Windows\system32\WINNSI.DLL
0x000007fefd4b0000 - 0x000007fefd50b000 	C:\Windows\system32\DNSAPI.dll
0x000007fef2920000 - 0x000007fef292b000 	C:\Windows\System32\winrnr.dll
0x000007fefd240000 - 0x000007fefd247000 	C:\Windows\System32\wshtcpip.dll
0x000007fef6650000 - 0x000007fef6658000 	C:\Windows\system32\rasadhlp.dll
0x000007fefb380000 - 0x000007fefb3d3000 	C:\Windows\System32\fwpuclnt.dll
0x0000000077b20000 - 0x0000000077b27000 	C:\Windows\system32\PSAPI.DLL
0x000007fef2db0000 - 0x000007fef2ed5000 	C:\Windows\system32\dbghelp.dll

VM Arguments:
jvm_args: -Dfile.encoding=Cp1252 
java_command: com.me.Game.Main
Launcher Type: SUN_STANDARD

Environment Variables:
JAVA_HOME=C:\Program Files\Java\jdk1.7.0_13
CLASSPATH=C:\Program Files (x86)\Android\android-sdk\SDK Manager.exe;C:\Program Files (x86)\Android\android-sdk\tools;C:\Program Files (x86)\MySQL connector-java
PATH=C:\Program Files (x86)\NVIDIA Corporation\PhysX\Common;C:\Windows\system32;C:\Windows;C:\Windows\System32\Wbem;C:\Windows\System32\WindowsPowerShell\v1.0\;C:\Program Files\TortoiseGit\bin
USERNAME=Hanto
OS=Windows_NT
PROCESSOR_IDENTIFIER=Intel64 Family 6 Model 26 Stepping 5, GenuineIntel



---------------  S Y S T E M  ---------------

OS: Windows 7 , 64 bit Build 7601 Service Pack 1

CPU:total 8 (4 cores per cpu, 2 threads per core) family 6 model 26 stepping 5, cmov, cx8, fxsr, mmx, sse, sse2, sse3, ssse3, sse4.1, sse4.2, popcnt, ht

Memory: 4k page, physical 6281336k(3423868k free), swap 12560816k(8783232k free)

vm_info: Java HotSpot(TM) 64-Bit Server VM (20.13-b02) for windows-amd64 JRE (1.6.0_38-b05), built on Nov 14 2012 00:54:08 by "java_re" with MS VC++ 8.0 (VS2005)

time: Thu Oct 24 00:16:31 2013
elapsed time: 2 seconds

