#
# A fatal error has been detected by the Java Runtime Environment:
#
#  EXCEPTION_ACCESS_VIOLATION (0xc0000005) at pc=0x00000000772f570a, pid=340, tid=2784
#
# JRE version: 6.0_38-b05
# Java VM: Java HotSpot(TM) 64-Bit Server VM (20.13-b02 mixed mode windows-amd64 compressed oops)
# Problematic frame:
# C  [ntdll.dll+0x2570a]
#
# If you would like to submit a bug report, please visit:
#   http://java.sun.com/webapps/bugreport/crash.jsp
#

---------------  T H R E A D  ---------------

Current thread (0x0000000006529800):  WatcherThread [stack: 0x00000000076f0000,0x00000000077f0000] [id=2784]

siginfo: ExceptionCode=0xc0000005, reading address 0x00000000c3effff8

Registers:
RAX=0x0000000000001389, RBX=0x00000000005a0000, RCX=0x00000000000003ef, RDX=0x0000000000100000
RSP=0x00000000077ef640, RBP=0x00000000773e5430, RSI=0x000000000664bc30, RDI=0x00000000c3f00000
R8 =0x00000000000003ff, R9 =0x00000000005a1308, R10=0x00000000005a0158, R11=0x00000000005a12f0
R12=0x0000000000001778, R13=0x0000000000001778, R14=0x000000000c2c5ff0, R15=0x0000000006470000
RIP=0x00000000772f570a, EFLAGS=0x0000000000010206

Top of Stack: (sp=0x00000000077ef640)
0x00000000077ef640:   0000000000000000 0000000000000000
0x00000000077ef650:   0000000000000000 0000000000000000
0x00000000077ef660:   0000000000000000 00000000772f18f6
0x00000000077ef670:   000000000c2c5ff0 0000000000000000
0x00000000077ef680:   000000006c00cfa3 0000000000000000
0x00000000077ef690:   0000000002000002 0000000000000000
0x00000000077ef6a0:   000000009a001389 000007fefd95281e
0x00000000077ef6b0:   00000000e30809e2 000000005f08d285
0x00000000077ef6c0:   00000000f40803ff 0000000002000002
0x00000000077ef6d0:   0000000000000000 00000000005a1300
0x00000000077ef6e0:   000000000ca24d60 0000000000000001
0x00000000077ef6f0:   00000000005a0000 000000000664bc30
0x00000000077ef700:   000000000664bc30 00000000772f5ad0
0x00000000077ef710:   0000000000001778 000000000662c000
0x00000000077ef720:   00000000005a0100 00000000005a1778
0x00000000077ef730:   00000000079c3fa0 00000000077ef7b8 

Instructions: (pc=0x00000000772f570a)
0x00000000772f56ea:   ff ff 41 83 7b 0c 00 74 02 03 ff 49 8b 43 30 48
0x00000000772f56fa:   8b 3c f8 4c 3b d7 74 41 85 d2 0f 84 7f 4e 07 00
0x00000000772f570a:   8b 47 f8 8b 53 7c 85 d0 0f 84 68 4e 07 00 33 83
0x00000000772f571a:   88 00 00 00 89 44 24 60 0f b7 44 24 60 0f b7 c0 


Register to memory mapping:

RAX=0x0000000000001389 is an unknown value
RBX=0x00000000005a0000 is an unknown value
RCX=0x00000000000003ef is an unknown value
RDX=0x0000000000100000 is an unknown value
RSP=0x00000000077ef640 is an unknown value
RBP=0x00000000773e5430 is an unknown value
RSI=0x000000000664bc30 is an unknown value
RDI=0x00000000c3f00000 is an unallocated location in the heap
R8 =0x00000000000003ff is an unknown value
R9 =0x00000000005a1308 is an unknown value
R10=0x00000000005a0158 is an unknown value
R11=0x00000000005a12f0 is an unknown value
R12=0x0000000000001778 is an unknown value
R13=0x0000000000001778 is an unknown value
R14=0x000000000c2c5ff0 is an unknown value
R15=0x0000000006470000 is an unknown value


Stack: [0x00000000076f0000,0x00000000077f0000],  sp=0x00000000077ef640,  free space=1021k
Native frames: (J=compiled Java code, j=interpreted, Vv=VM code, C=native code)
C  [ntdll.dll+0x2570a]  RtlAcquireSRWLockShared+0x22a


---------------  P R O C E S S  ---------------

Java Threads: ( => current thread )
  0x000000000788b800 JavaThread "Timer" daemon [_thread_blocked, id=2544, stack(0x000000000dab0000,0x000000000dbb0000)]
  0x00000000005ab800 JavaThread "DestroyJavaVM" [_thread_blocked, id=712, stack(0x00000000023f0000,0x00000000024f0000)]
  0x000000000656f000 JavaThread "LWJGL Application" [_thread_in_native, id=1196, stack(0x0000000008a20000,0x0000000008b20000)]
  0x0000000006510000 JavaThread "Low Memory Detector" daemon [_thread_blocked, id=3664, stack(0x00000000075f0000,0x00000000076f0000)]
  0x0000000006509000 JavaThread "C2 CompilerThread1" daemon [_thread_blocked, id=4264, stack(0x00000000074f0000,0x00000000075f0000)]
  0x0000000006500000 JavaThread "C2 CompilerThread0" daemon [_thread_blocked, id=3368, stack(0x00000000073f0000,0x00000000074f0000)]
  0x00000000064ff000 JavaThread "Attach Listener" daemon [_thread_blocked, id=4924, stack(0x00000000072f0000,0x00000000073f0000)]
  0x00000000064fe800 JavaThread "Signal Dispatcher" daemon [_thread_blocked, id=5100, stack(0x00000000071f0000,0x00000000072f0000)]
  0x00000000064ad000 JavaThread "Finalizer" daemon [_thread_blocked, id=3980, stack(0x00000000070f0000,0x00000000071f0000)]
  0x00000000064a7000 JavaThread "Reference Handler" daemon [_thread_blocked, id=1452, stack(0x0000000006ff0000,0x00000000070f0000)]

Other Threads:
  0x000000000649b800 VMThread [stack: 0x0000000006ef0000,0x0000000006ff0000] [id=3168]
=>0x0000000006529800 WatcherThread [stack: 0x00000000076f0000,0x00000000077f0000] [id=2784]

VM state:not at safepoint (normal execution)

VM Mutex/Monitor currently owned by a thread: None

Heap
 PSYoungGen      total 28672K, used 11289K [0x00000000e00b0000, 0x00000000e20a0000, 0x0000000100000000)
  eden space 24640K, 33% used [0x00000000e00b0000,0x00000000e08b7020,0x00000000e18c0000)
  from space 4032K, 76% used [0x00000000e1cb0000,0x00000000e1faf5e0,0x00000000e20a0000)
  to   space 4032K, 0% used [0x00000000e18c0000,0x00000000e18c0000,0x00000000e1cb0000)
 PSOldGen        total 65472K, used 0K [0x00000000a0200000, 0x00000000a41f0000, 0x00000000e00b0000)
  object space 65472K, 0% used [0x00000000a0200000,0x00000000a0200000,0x00000000a41f0000)
 PSPermGen       total 21248K, used 12564K [0x000000009b000000, 0x000000009c4c0000, 0x00000000a0200000)
  object space 21248K, 59% used [0x000000009b000000,0x000000009bc45150,0x000000009c4c0000)

Code Cache  [0x00000000024f0000, 0x0000000002760000, 0x00000000054f0000)
 total_blobs=656 nmethods=258 adapters=351 free_code_cache=49315712 largest_free_block=21184

Dynamic libraries:
0x0000000000400000 - 0x000000000042f000 	C:\Program Files\Java\jre6\bin\javaw.exe
0x00000000772d0000 - 0x0000000077479000 	C:\Windows\SYSTEM32\ntdll.dll
0x0000000077050000 - 0x000000007716f000 	C:\Windows\system32\kernel32.dll
0x000007fefd950000 - 0x000007fefd9bb000 	C:\Windows\system32\KERNELBASE.dll
0x000007feff000000 - 0x000007feff0db000 	C:\Windows\system32\ADVAPI32.dll
0x000007fefebf0000 - 0x000007fefec8f000 	C:\Windows\system32\msvcrt.dll
0x000007fefe8f0000 - 0x000007fefe90f000 	C:\Windows\SYSTEM32\sechost.dll
0x000007fefe910000 - 0x000007fefea3d000 	C:\Windows\system32\RPCRT4.dll
0x0000000076e00000 - 0x0000000076efa000 	C:\Windows\system32\USER32.dll
0x000007feff0e0000 - 0x000007feff147000 	C:\Windows\system32\GDI32.dll
0x000007fefed40000 - 0x000007fefed4e000 	C:\Windows\system32\LPK.dll
0x000007feff510000 - 0x000007feff5d9000 	C:\Windows\system32\USP10.dll
0x000007fefed10000 - 0x000007fefed3e000 	C:\Windows\system32\IMM32.DLL
0x000007fefea40000 - 0x000007fefeb49000 	C:\Windows\system32\MSCTF.dll
0x000000006d810000 - 0x000000006dfcb000 	C:\Program Files\Java\jre6\bin\server\jvm.dll
0x000007fefafd0000 - 0x000007fefb00b000 	C:\Windows\system32\WINMM.dll
0x000000006d780000 - 0x000000006d78e000 	C:\Program Files\Java\jre6\bin\verify.dll
0x000000006d3b0000 - 0x000000006d3d7000 	C:\Program Files\Java\jre6\bin\java.dll
0x000000006d7d0000 - 0x000000006d7e2000 	C:\Program Files\Java\jre6\bin\zip.dll
0x0000000065580000 - 0x000000006560f000 	C:\Users\Hanto\AppData\Local\Temp\libgdxHanto\3740929181\gdx64.dll
0x0000000180000000 - 0x0000000180050000 	C:\Users\Hanto\AppData\Local\Temp\libgdxHanto\27538956\lwjgl64.dll
0x000007fef2750000 - 0x000007fef286d000 	C:\Windows\system32\OPENGL32.dll
0x000007fef2720000 - 0x000007fef274d000 	C:\Windows\system32\GLU32.dll
0x000007fef2620000 - 0x000007fef2711000 	C:\Windows\system32\DDRAW.dll
0x000007fef2a90000 - 0x000007fef2a98000 	C:\Windows\system32\DCIMAN32.dll
0x000007feff240000 - 0x000007feff417000 	C:\Windows\system32\SETUPAPI.dll
0x000007fefd9c0000 - 0x000007fefd9f6000 	C:\Windows\system32\CFGMGR32.dll
0x000007feff150000 - 0x000007feff227000 	C:\Windows\system32\OLEAUT32.dll
0x000007fefed50000 - 0x000007fefef53000 	C:\Windows\system32\ole32.dll
0x000007fefda00000 - 0x000007fefda1a000 	C:\Windows\system32\DEVOBJ.dll
0x000007fefaed0000 - 0x000007fefaee8000 	C:\Windows\system32\dwmapi.dll
0x000007fefc870000 - 0x000007fefc87c000 	C:\Windows\system32\VERSION.dll
0x000007fefbdd0000 - 0x000007fefbfc4000 	C:\Windows\WinSxS\amd64_microsoft.windows.common-controls_6595b64144ccf1df_6.0.7601.17514_none_fa396087175ac9ac\COMCTL32.dll
0x000007fefec90000 - 0x000007fefed01000 	C:\Windows\system32\SHLWAPI.dll
0x0000000000530000 - 0x0000000000592000 	C:\Users\Hanto\AppData\Local\Temp\libgdxHanto\27538956\OpenAL64.dll
0x000007fefdb60000 - 0x000007fefe8e8000 	C:\Windows\system32\SHELL32.dll
0x000007fefd660000 - 0x000007fefd66f000 	C:\Windows\system32\CRYPTBASE.dll
0x000007fefb330000 - 0x000007fefb386000 	C:\Windows\system32\uxtheme.dll
0x000007feff420000 - 0x000007feff4b9000 	C:\Windows\system32\CLBCatQ.DLL
0x000007fefc440000 - 0x000007fefc56c000 	C:\Windows\System32\PROPSYS.dll
0x000007fefda20000 - 0x000007fefda59000 	C:\Windows\system32\WINTRUST.dll
0x000007fefd7e0000 - 0x000007fefd94a000 	C:\Windows\system32\CRYPT32.dll
0x000007fefd7d0000 - 0x000007fefd7df000 	C:\Windows\system32\MSASN1.dll
0x000007feec210000 - 0x000007feec298000 	C:\Windows\system32\dsound.dll
0x000007fefc670000 - 0x000007fefc69c000 	C:\Windows\system32\POWRPROF.dll
0x000007fefc620000 - 0x000007fefc66b000 	C:\Windows\System32\MMDevApi.dll
0x000007fefae80000 - 0x000007fefaecf000 	C:\Windows\system32\AUDIOSES.DLL
0x000000006fea0000 - 0x000000007188b000 	C:\Windows\system32\nvoglv64.DLL
0x000007fefc6a0000 - 0x000007fefc6cd000 	C:\Windows\system32\ntmarta.dll
0x000007fefdb00000 - 0x000007fefdb52000 	C:\Windows\system32\WLDAP32.dll
0x000007fefa230000 - 0x000007fefa2cc000 	C:\Windows\system32\mscms.dll
0x000007fefca80000 - 0x000007fefca9e000 	C:\Windows\system32\USERENV.dll
0x000007fefd730000 - 0x000007fefd73f000 	C:\Windows\system32\profapi.dll
0x000007feecda0000 - 0x000007feecde2000 	C:\Windows\system32\icm32.dll
0x000000006a740000 - 0x000000006a7e3000 	C:\Users\Hanto\AppData\Local\Temp\libgdxHanto\843007041\gdx-freetype64.dll
0x000007fefd000000 - 0x000007fefd017000 	C:\Windows\system32\CRYPTSP.dll
0x000007fefcd00000 - 0x000007fefcd47000 	C:\Windows\system32\rsaenh.dll
0x000000006d610000 - 0x000000006d627000 	C:\Program Files\Java\jre6\bin\net.dll
0x000007feff4c0000 - 0x000007feff50d000 	C:\Windows\system32\WS2_32.dll
0x000007feff230000 - 0x000007feff238000 	C:\Windows\system32\NSI.dll
0x000007fefcfa0000 - 0x000007fefcff5000 	C:\Windows\system32\mswsock.dll
0x000007fefcf90000 - 0x000007fefcf97000 	C:\Windows\System32\wship6.dll
0x000007fefc270000 - 0x000007fefc285000 	C:\Windows\system32\NLAapi.dll
0x000007fef7f30000 - 0x000007fef7f45000 	C:\Windows\system32\napinsp.dll
0x000007fef7f10000 - 0x000007fef7f29000 	C:\Windows\system32\pnrpnsp.dll
0x0000000071890000 - 0x00000000718b6000 	C:\Program Files\Bonjour\mdnsNSP.dll
0x000007fefbd50000 - 0x000007fefbd77000 	C:\Windows\system32\Iphlpapi.DLL
0x000007fefbd40000 - 0x000007fefbd4b000 	C:\Windows\system32\WINNSI.DLL
0x000007fefce20000 - 0x000007fefce7b000 	C:\Windows\system32\DNSAPI.dll
0x000007fef7f00000 - 0x000007fef7f0b000 	C:\Windows\System32\winrnr.dll
0x000007fefc940000 - 0x000007fefc947000 	C:\Windows\System32\wshtcpip.dll
0x000007fef8380000 - 0x000007fef8388000 	C:\Windows\system32\rasadhlp.dll
0x000007fefbc00000 - 0x000007fefbc53000 	C:\Windows\System32\fwpuclnt.dll
0x00000000774a0000 - 0x00000000774a7000 	C:\Windows\system32\PSAPI.DLL

VM Arguments:
jvm_args: -Dfile.encoding=Cp1252 
java_command: com.me.Game.Main
Launcher Type: SUN_STANDARD

Environment Variables:
JAVA_HOME=C:\Program Files\Java\jdk1.7.0_13
CLASSPATH=C:\Program Files (x86)\Android\android-sdk\SDK Manager.exe;C:\Program Files (x86)\Android\android-sdk\tools;C:\Program Files (x86)\MySQL connector-java
PATH=C:\Program Files (x86)\NVIDIA Corporation\PhysX\Common;C:\Windows\system32;C:\Windows;C:\Windows\System32\Wbem;C:\Windows\System32\WindowsPowerShell\v1.0\;C:\Program Files\TortoiseGit\bin
USERNAME=Hanto
OS=Windows_NT
PROCESSOR_IDENTIFIER=Intel64 Family 6 Model 26 Stepping 5, GenuineIntel



---------------  S Y S T E M  ---------------

OS: Windows 7 , 64 bit Build 7601 Service Pack 1

CPU:total 8 (4 cores per cpu, 2 threads per core) family 6 model 26 stepping 5, cmov, cx8, fxsr, mmx, sse, sse2, sse3, ssse3, sse4.1, sse4.2, popcnt, ht

Memory: 4k page, physical 6281336k(2603240k free), swap 12560816k(8195476k free)

vm_info: Java HotSpot(TM) 64-Bit Server VM (20.13-b02) for windows-amd64 JRE (1.6.0_38-b05), built on Nov 14 2012 00:54:08 by "java_re" with MS VC++ 8.0 (VS2005)

time: Sun May 26 19:14:52 2013
elapsed time: 35 seconds

