#
# A fatal error has been detected by the Java Runtime Environment:
#
#  EXCEPTION_ACCESS_VIOLATION (0xc0000005) at pc=0x000000007732386a, pid=4400, tid=4312
#
# JRE version: 6.0_38-b05
# Java VM: Java HotSpot(TM) 64-Bit Server VM (20.13-b02 mixed mode windows-amd64 compressed oops)
# Problematic frame:
# C  [ntdll.dll+0x5386a]
#
# If you would like to submit a bug report, please visit:
#   http://java.sun.com/webapps/bugreport/crash.jsp
#

---------------  T H R E A D  ---------------

Current thread (0x0000000006567800):  JavaThread "C2 CompilerThread1" daemon [_thread_in_native, id=4312, stack(0x0000000007550000,0x0000000007650000)]

siginfo: ExceptionCode=0xc0000005, reading address 0xffffffffffffffff

Registers:
RAX=0x0000000000001389, RBX=0x0000000000500000, RCX=0x00000000fffffc79, RDX=0x000000000c7a0080
RSP=0x000000000764bbf0, RBP=0x0000000000000000, RSI=0x3ee00000feffffff, RDI=0x000000000c7a0070
R8 =0x00000000005012f0, R9 =0x0000000000100000, R10=0x000000000c7a0080, R11=0x44358000c0000000
R12=0x00000000773e5430, R13=0x0000000000001002, R14=0x0000000000000002, R15=0x00000000773e5401
RIP=0x000000007732386a, EFLAGS=0x0000000000010206

Top of Stack: (sp=0x000000000764bbf0)
0x000000000764bbf0:   000000000c53e780 00000000078920c0
0x000000000764bc00:   0000000000000000 000000000c53ecea
0x000000000764bc10:   0000000000000000 000000006d86400e
0x000000000764bc20:   000000010c53ec01 00000000773e5401
0x000000000764bc30:   0000000000000000 0000002a0000002a
0x000000000764bc40:   000000000c7a0070 0000000000000000
0x000000000764bc50:   0000000000000000 0000000000000000
0x000000000764bc60:   000000000c3be3dc 00020000f152e310
0x000000000764bc70:   0000000000000003 0000000013897d25
0x000000000764bc80:   0000000000000001 000000000c53ed80
0x000000000764bc90:   000000000c53ed40 000000000764be40
0x000000000764bca0:   0000000400000000 000000000764f978
0x000000000764bcb0:   000000000c3be4c0 000000000c7a0080
0x000000000764bcc0:   000000000764f978 000000000c3be490
0x000000000764bcd0:   000000000c3be310 000000000c3be3d0
0x000000000764bce0:   000000000c3be3dc 0000000000030000 

Instructions: (pc=0x000000007732386a)
0x000000007732384a:   47 0b 0f 85 e6 c2 00 00 0f b7 47 08 49 3b c5 0f
0x000000007732385a:   82 40 c3 00 00 4c 8d 57 10 4d 8b 1a 48 8b 77 18
0x000000007732386a:   48 8b 0e 4d 8b 4b 08 49 3b c9 0f 85 02 c3 00 00
0x000000007732387a:   49 3b ca 0f 85 f9 c2 00 00 48 29 83 c8 00 00 00 


Register to memory mapping:

RAX=0x0000000000001389 is an unknown value
RBX=0x0000000000500000 is an unknown value
RCX=0x00000000fffffc79 is an unallocated location in the heap
RDX=0x000000000c7a0080 is an unknown value
RSP=0x000000000764bbf0 is pointing into the stack for thread: 0x0000000006567800
RBP=0x0000000000000000 is an unknown value
RSI=0x3ee00000feffffff is an unknown value
RDI=0x000000000c7a0070 is an unknown value
R8 =0x00000000005012f0 is an unknown value
R9 =0x0000000000100000 is an unknown value
R10=0x000000000c7a0080 is an unknown value
R11=0x44358000c0000000 is an unknown value
R12=0x00000000773e5430 is an unknown value
R13=0x0000000000001002 is an unknown value
R14=0x0000000000000002 is an unknown value
R15=0x00000000773e5401 is an unknown value


Stack: [0x0000000007550000,0x0000000007650000],  sp=0x000000000764bbf0,  free space=1006k
Native frames: (J=compiled Java code, j=interpreted, Vv=VM code, C=native code)
C  [ntdll.dll+0x5386a]  RtlAllocateHeap+0x4ca

[error occurred during error reporting (printing native stack), id 0xc0000005]


Current CompileTask:
C2:   8150 167  !   com.badlogic.gdx.utils.JsonReader.parse([CII)Ljava/lang/Object; (2009 bytes)


---------------  P R O C E S S  ---------------

Java Threads: ( => current thread )
  0x000000000050b800 JavaThread "DestroyJavaVM" [_thread_blocked, id=4316, stack(0x0000000002510000,0x0000000002610000)]
  0x0000000007967800 JavaThread "LWJGL Application" [_thread_in_native, id=3168, stack(0x0000000008bd0000,0x0000000008cd0000)]
  0x0000000006580000 JavaThread "Low Memory Detector" daemon [_thread_blocked, id=4664, stack(0x0000000007650000,0x0000000007750000)]
=>0x0000000006567800 JavaThread "C2 CompilerThread1" daemon [_thread_in_native, id=4312, stack(0x0000000007550000,0x0000000007650000)]
  0x0000000006564000 JavaThread "C2 CompilerThread0" daemon [_thread_blocked, id=4448, stack(0x0000000007450000,0x0000000007550000)]
  0x0000000006560000 JavaThread "Attach Listener" daemon [_thread_blocked, id=2928, stack(0x0000000007350000,0x0000000007450000)]
  0x000000000655f000 JavaThread "Signal Dispatcher" daemon [_thread_blocked, id=2472, stack(0x0000000007250000,0x0000000007350000)]
  0x000000000650c800 JavaThread "Finalizer" daemon [_thread_blocked, id=2440, stack(0x0000000007150000,0x0000000007250000)]
  0x0000000006506800 JavaThread "Reference Handler" daemon [_thread_blocked, id=4572, stack(0x0000000007050000,0x0000000007150000)]

Other Threads:
  0x00000000064fb000 VMThread [stack: 0x0000000006f50000,0x0000000007050000] [id=4260]
  0x000000000659b800 WatcherThread [stack: 0x0000000007750000,0x0000000007850000] [id=2692]

VM state:not at safepoint (normal execution)

VM Mutex/Monitor currently owned by a thread: None

Heap
 PSYoungGen      total 28672K, used 11630K [0x00000000e00b0000, 0x00000000e20a0000, 0x0000000100000000)
  eden space 24640K, 37% used [0x00000000e00b0000,0x00000000e09bdfa0,0x00000000e18c0000)
  from space 4032K, 58% used [0x00000000e18c0000,0x00000000e1b0daf0,0x00000000e1cb0000)
  to   space 4032K, 0% used [0x00000000e1cb0000,0x00000000e1cb0000,0x00000000e20a0000)
 PSOldGen        total 65472K, used 0K [0x00000000a0200000, 0x00000000a41f0000, 0x00000000e00b0000)
  object space 65472K, 0% used [0x00000000a0200000,0x00000000a0200000,0x00000000a41f0000)
 PSPermGen       total 21248K, used 12440K [0x000000009b000000, 0x000000009c4c0000, 0x00000000a0200000)
  object space 21248K, 58% used [0x000000009b000000,0x000000009bc26380,0x000000009c4c0000)

Code Cache  [0x0000000002610000, 0x0000000002880000, 0x0000000005610000)
 total_blobs=592 nmethods=194 adapters=351 free_code_cache=49482880 largest_free_block=14400

Dynamic libraries:
0x0000000000400000 - 0x000000000042f000 	C:\Program Files\Java\jre6\bin\javaw.exe
0x00000000772d0000 - 0x0000000077479000 	C:\Windows\SYSTEM32\ntdll.dll
0x0000000077050000 - 0x000000007716f000 	C:\Windows\system32\kernel32.dll
0x000007fefd950000 - 0x000007fefd9bb000 	C:\Windows\system32\KERNELBASE.dll
0x000007feff000000 - 0x000007feff0db000 	C:\Windows\system32\ADVAPI32.dll
0x000007fefebf0000 - 0x000007fefec8f000 	C:\Windows\system32\msvcrt.dll
0x000007fefe8f0000 - 0x000007fefe90f000 	C:\Windows\SYSTEM32\sechost.dll
0x000007fefe910000 - 0x000007fefea3d000 	C:\Windows\system32\RPCRT4.dll
0x0000000076e00000 - 0x0000000076efa000 	C:\Windows\system32\USER32.dll
0x000007feff0e0000 - 0x000007feff147000 	C:\Windows\system32\GDI32.dll
0x000007fefed40000 - 0x000007fefed4e000 	C:\Windows\system32\LPK.dll
0x000007feff510000 - 0x000007feff5d9000 	C:\Windows\system32\USP10.dll
0x000007fefed10000 - 0x000007fefed3e000 	C:\Windows\system32\IMM32.DLL
0x000007fefea40000 - 0x000007fefeb49000 	C:\Windows\system32\MSCTF.dll
0x000000006d810000 - 0x000000006dfcb000 	C:\Program Files\Java\jre6\bin\server\jvm.dll
0x000007fefafd0000 - 0x000007fefb00b000 	C:\Windows\system32\WINMM.dll
0x000000006d780000 - 0x000000006d78e000 	C:\Program Files\Java\jre6\bin\verify.dll
0x000000006d3b0000 - 0x000000006d3d7000 	C:\Program Files\Java\jre6\bin\java.dll
0x000000006d7d0000 - 0x000000006d7e2000 	C:\Program Files\Java\jre6\bin\zip.dll
0x0000000065580000 - 0x000000006560f000 	C:\Users\Hanto\AppData\Local\Temp\libgdxHanto\3740929181\gdx64.dll
0x0000000180000000 - 0x0000000180050000 	C:\Users\Hanto\AppData\Local\Temp\libgdxHanto\27538956\lwjgl64.dll
0x000007fef2750000 - 0x000007fef286d000 	C:\Windows\system32\OPENGL32.dll
0x000007fef2720000 - 0x000007fef274d000 	C:\Windows\system32\GLU32.dll
0x000007fef2620000 - 0x000007fef2711000 	C:\Windows\system32\DDRAW.dll
0x000007fef2a90000 - 0x000007fef2a98000 	C:\Windows\system32\DCIMAN32.dll
0x000007feff240000 - 0x000007feff417000 	C:\Windows\system32\SETUPAPI.dll
0x000007fefd9c0000 - 0x000007fefd9f6000 	C:\Windows\system32\CFGMGR32.dll
0x000007feff150000 - 0x000007feff227000 	C:\Windows\system32\OLEAUT32.dll
0x000007fefed50000 - 0x000007fefef53000 	C:\Windows\system32\ole32.dll
0x000007fefda00000 - 0x000007fefda1a000 	C:\Windows\system32\DEVOBJ.dll
0x000007fefaed0000 - 0x000007fefaee8000 	C:\Windows\system32\dwmapi.dll
0x000007fefc870000 - 0x000007fefc87c000 	C:\Windows\system32\VERSION.dll
0x000007fefbdd0000 - 0x000007fefbfc4000 	C:\Windows\WinSxS\amd64_microsoft.windows.common-controls_6595b64144ccf1df_6.0.7601.17514_none_fa396087175ac9ac\COMCTL32.dll
0x000007fefec90000 - 0x000007fefed01000 	C:\Windows\system32\SHLWAPI.dll
0x0000000000390000 - 0x00000000003f2000 	C:\Users\Hanto\AppData\Local\Temp\libgdxHanto\27538956\OpenAL64.dll
0x000007fefdb60000 - 0x000007fefe8e8000 	C:\Windows\system32\SHELL32.dll
0x000007fefd660000 - 0x000007fefd66f000 	C:\Windows\system32\CRYPTBASE.dll
0x000007fefb330000 - 0x000007fefb386000 	C:\Windows\system32\uxtheme.dll
0x000007feff420000 - 0x000007feff4b9000 	C:\Windows\system32\CLBCatQ.DLL
0x000007fefc440000 - 0x000007fefc56c000 	C:\Windows\System32\PROPSYS.dll
0x000007fefda20000 - 0x000007fefda59000 	C:\Windows\system32\WINTRUST.dll
0x000007fefd7e0000 - 0x000007fefd94a000 	C:\Windows\system32\CRYPT32.dll
0x000007fefd7d0000 - 0x000007fefd7df000 	C:\Windows\system32\MSASN1.dll
0x000007feed5e0000 - 0x000007feed668000 	C:\Windows\system32\dsound.dll
0x000007fefc670000 - 0x000007fefc69c000 	C:\Windows\system32\POWRPROF.dll
0x000007fefc620000 - 0x000007fefc66b000 	C:\Windows\System32\MMDevApi.dll
0x000007fefae80000 - 0x000007fefaecf000 	C:\Windows\system32\AUDIOSES.DLL
0x000000006fea0000 - 0x000000007188b000 	C:\Windows\system32\nvoglv64.DLL
0x000007fefc6a0000 - 0x000007fefc6cd000 	C:\Windows\system32\ntmarta.dll
0x000007fefdb00000 - 0x000007fefdb52000 	C:\Windows\system32\WLDAP32.dll
0x000007fefa230000 - 0x000007fefa2cc000 	C:\Windows\system32\mscms.dll
0x000007fefca80000 - 0x000007fefca9e000 	C:\Windows\system32\USERENV.dll
0x000007fefd730000 - 0x000007fefd73f000 	C:\Windows\system32\profapi.dll
0x000007feecda0000 - 0x000007feecde2000 	C:\Windows\system32\icm32.dll
0x000000006a740000 - 0x000000006a7e3000 	C:\Users\Hanto\AppData\Local\Temp\libgdxHanto\843007041\gdx-freetype64.dll
0x000007fefd000000 - 0x000007fefd017000 	C:\Windows\system32\CRYPTSP.dll
0x000007fefcd00000 - 0x000007fefcd47000 	C:\Windows\system32\rsaenh.dll
0x000000006d610000 - 0x000000006d627000 	C:\Program Files\Java\jre6\bin\net.dll
0x000007feff4c0000 - 0x000007feff50d000 	C:\Windows\system32\WS2_32.dll
0x000007feff230000 - 0x000007feff238000 	C:\Windows\system32\NSI.dll
0x000007fefcfa0000 - 0x000007fefcff5000 	C:\Windows\system32\mswsock.dll
0x000007fefcf90000 - 0x000007fefcf97000 	C:\Windows\System32\wship6.dll
0x000007fefc270000 - 0x000007fefc285000 	C:\Windows\system32\NLAapi.dll
0x000007fef7f30000 - 0x000007fef7f45000 	C:\Windows\system32\napinsp.dll
0x000007fef7f10000 - 0x000007fef7f29000 	C:\Windows\system32\pnrpnsp.dll
0x0000000071890000 - 0x00000000718b6000 	C:\Program Files\Bonjour\mdnsNSP.dll
0x000007fefbd50000 - 0x000007fefbd77000 	C:\Windows\system32\Iphlpapi.DLL
0x000007fefbd40000 - 0x000007fefbd4b000 	C:\Windows\system32\WINNSI.DLL
0x000007fefce20000 - 0x000007fefce7b000 	C:\Windows\system32\DNSAPI.dll
0x000007fef7f00000 - 0x000007fef7f0b000 	C:\Windows\System32\winrnr.dll
0x000007fefc940000 - 0x000007fefc947000 	C:\Windows\System32\wshtcpip.dll
0x000007fef8380000 - 0x000007fef8388000 	C:\Windows\system32\rasadhlp.dll
0x000007fefbc00000 - 0x000007fefbc53000 	C:\Windows\System32\fwpuclnt.dll
0x00000000774a0000 - 0x00000000774a7000 	C:\Windows\system32\PSAPI.DLL
0x000007fef60b0000 - 0x000007fef61d5000 	C:\Windows\system32\dbghelp.dll

VM Arguments:
jvm_args: -Dfile.encoding=Cp1252 
java_command: com.me.Game.Main
Launcher Type: SUN_STANDARD

Environment Variables:
JAVA_HOME=C:\Program Files\Java\jdk1.7.0_13
CLASSPATH=C:\Program Files (x86)\Android\android-sdk\SDK Manager.exe;C:\Program Files (x86)\Android\android-sdk\tools;C:\Program Files (x86)\MySQL connector-java
PATH=C:\Program Files (x86)\NVIDIA Corporation\PhysX\Common;C:\Windows\system32;C:\Windows;C:\Windows\System32\Wbem;C:\Windows\System32\WindowsPowerShell\v1.0\;C:\Program Files\TortoiseGit\bin
USERNAME=Hanto
OS=Windows_NT
PROCESSOR_IDENTIFIER=Intel64 Family 6 Model 26 Stepping 5, GenuineIntel



---------------  S Y S T E M  ---------------

OS: Windows 7 , 64 bit Build 7601 Service Pack 1

CPU:total 8 (4 cores per cpu, 2 threads per core) family 6 model 26 stepping 5, cmov, cx8, fxsr, mmx, sse, sse2, sse3, ssse3, sse4.1, sse4.2, popcnt, ht

Memory: 4k page, physical 6281336k(2819016k free), swap 12560816k(8388052k free)

vm_info: Java HotSpot(TM) 64-Bit Server VM (20.13-b02) for windows-amd64 JRE (1.6.0_38-b05), built on Nov 14 2012 00:54:08 by "java_re" with MS VC++ 8.0 (VS2005)

time: Sun May 26 19:09:26 2013
elapsed time: 8 seconds

